Arguments: 
  C:\Program Files\nodejs\node.exe C:\Program Files\nodejs\node_modules\yarn\bin\yarn.js add react-transition-group

PATH: 
  C:\Windows\system32;C:\Windows;C:\Windows\System32\Wbem;C:\Windows\System32\WindowsPowerShell\v1.0\;C:\Windows\System32\OpenSSH\;C:\Program Files\Bandizip\;C:\Program Files\Git\cmd;%NVM_HOME%;%NVM_SYMLINK%;C:\Users\realtimebyte\AppData\Local\Microsoft\WindowsApps;C:\Users\realtimebyte\AppData\Local\Programs\Microsoft VS Code\bin;C:\Users\realtimebyte\AppData\Roaming\nvm;C:\Program Files\nodejs;C:\Users\realtimebyte\AppData\Local\atom\bin;C:\Users\realtimebyte\AppData\Local\Keybase\

Yarn version: 
  1.22.18

Node version: 
  16.14.2

Platform: 
  win32 x64

Trace: 
  Error: https://registry.yarnpkg.com/date-fns/-/date-fns-2.28.0.tgz: ESOCKETTIMEDOUT
      at ClientRequest.<anonymous> (C:\Users\realtimebyte\AppData\Roaming\nvm\v16.14.2\node_modules\yarn\lib\cli.js:141510:19)
      at Object.onceWrapper (node:events:645:28)
      at ClientRequest.emit (node:events:526:28)
      at TLSSocket.emitRequestTimeout (node:_http_client:758:9)
      at Object.onceWrapper (node:events:645:28)
      at TLSSocket.emit (node:events:538:35)
      at TLSSocket.Socket._onTimeout (node:net:501:8)
      at listOnTimeout (node:internal/timers:559:17)
      at processTimers (node:internal/timers:502:7)

npm manifest: 
  {
    "name": "potofolio",
    "version": "1.0.0",
    "private": true,
    "description": "potofolio",
    "keywords": [
      "gatsby"
    ],
    "scripts": {
      "develop": "gatsby develop",
      "start": "gatsby develop",
      "build": "gatsby build",
      "serve": "gatsby serve",
      "clean": "gatsby clean"
    },
    "dependencies": {
      "@gatsbyjs/reach-router": "^1.3.7",
      "@mdx-js/mdx": "^1.6.22",
      "@mdx-js/react": "^1.6.22",
      "animejs": "^3.2.1",
      "gatsby": "^4.13.0",
      "gatsby-plugin-google-analytics": "^4.13.0",
      "gatsby-plugin-image": "^2.13.0",
      "gatsby-plugin-manifest": "^4.13.0",
      "gatsby-plugin-mdx": "^3.13.0",
      "gatsby-plugin-offline": "^5.13.0",
      "gatsby-plugin-react-helmet": "^5.13.0",
      "gatsby-plugin-robots-txt": "^1.7.1",
      "gatsby-plugin-sharp": "^4.13.0",
      "gatsby-plugin-sitemap": "^5.13.0",
      "gatsby-plugin-styled-components": "^5.13.0",
      "gatsby-remark-code-titles": "^1.1.0",
      "gatsby-remark-external-links": "^0.0.4",
      "gatsby-remark-images": "^6.13.0",
      "gatsby-remark-prismjs": "^6.13.0",
      "gatsby-source-filesystem": "^4.13.0",
      "gatsby-transformer-remark": "^5.13.0",
      "gatsby-transformer-sharp": "^4.13.0",
      "prop-types": "^15.8.1",
      "react": "^17.0.1",
      "react-dom": "^17.0.1",
      "react-helmet": "^6.1.0",
      "styled-components": "^5.3.5"
    }
  }

yarn manifest: 
  No manifest

Lockfile: 
  No lockfile
